2023-02-11 09:59:23 |INFO  |SpringContextShutdownHook |ExecutorConfigurationSupport.java:208 |org.springframework.scheduling.concurrent.ThreadPoolTaskExecutor |Shutting down ExecutorService 'applicationTaskExecutor'
2023-02-11 09:59:23 |INFO  |SpringContextShutdownHook |HikariDataSource.java:350 |com.zaxxer.hikari.HikariDataSource |HikariPool-1 - Shutdown initiated...
2023-02-11 09:59:23 |INFO  |SpringContextShutdownHook |HikariDataSource.java:352 |com.zaxxer.hikari.HikariDataSource |HikariPool-1 - Shutdown completed.
2023-02-11 09:59:30 |INFO  |main |StartupInfoLogger.java:55 |com.IT.service.edu.ServiceEduApplication |Starting ServiceEduApplication on DESKTOP-V9H76SP with PID 14156 (D:\Y.GuangHui\project\guli_parent\service\service-edu\target\classes started by lgh19 in D:\Y.GuangHui\project\guli_parent)
2023-02-11 09:59:30 |INFO  |main |SpringApplication.java:655 |com.IT.service.edu.ServiceEduApplication |The following profiles are active: dev
2023-02-11 09:59:31 |INFO  |main |PostProcessorRegistrationDelegate.java:330 |org.springframework.context.support.PostProcessorRegistrationDelegate$BeanPostProcessorChecker |Bean 'org.springframework.transaction.annotation.ProxyTransactionManagementConfiguration' of type [org.springframework.transaction.annotation.ProxyTransactionManagementConfiguration] is not eligible for getting processed by all BeanPostProcessors (for example: not eligible for auto-proxying)
2023-02-11 09:59:31 |INFO  |main |TomcatWebServer.java:92 |org.springframework.boot.web.embedded.tomcat.TomcatWebServer |Tomcat initialized with port(s): 8110 (http)
2023-02-11 09:59:31 |INFO  |main |DirectJDKLog.java:173 |org.apache.coyote.http11.Http11NioProtocol |Initializing ProtocolHandler ["http-nio-8110"]
2023-02-11 09:59:31 |INFO  |main |DirectJDKLog.java:173 |org.apache.catalina.core.StandardService |Starting service [Tomcat]
2023-02-11 09:59:31 |INFO  |main |DirectJDKLog.java:173 |org.apache.catalina.core.StandardEngine |Starting Servlet engine: [Apache Tomcat/9.0.29]
2023-02-11 09:59:31 |INFO  |main |DirectJDKLog.java:173 |org.apache.catalina.core.AprLifecycleListener |Loaded APR based Apache Tomcat Native library [1.2.35] using APR version [1.7.0].
2023-02-11 09:59:31 |INFO  |main |DirectJDKLog.java:173 |org.apache.catalina.core.AprLifecycleListener |APR capabilities: IPv6 [true], sendfile [true], accept filters [false], random [true].
2023-02-11 09:59:31 |INFO  |main |DirectJDKLog.java:173 |org.apache.catalina.core.AprLifecycleListener |APR/OpenSSL configuration: useAprConnector [false], useOpenSSL [true]
2023-02-11 09:59:31 |INFO  |main |DirectJDKLog.java:173 |org.apache.catalina.core.AprLifecycleListener |OpenSSL successfully initialized [OpenSSL 1.1.1q  5 Jul 2022]
2023-02-11 09:59:31 |INFO  |main |DirectJDKLog.java:173 |org.apache.catalina.core.ContainerBase.[Tomcat].[localhost].[/] |Initializing Spring embedded WebApplicationContext
2023-02-11 09:59:31 |INFO  |main |ServletWebServerApplicationContext.java:284 |org.springframework.web.context.ContextLoader |Root WebApplicationContext: initialization completed in 1124 ms
2023-02-11 09:59:32 |INFO  |main |PropertySourcedRequestMappingHandlerMapping.java:69 |springfox.documentation.spring.web.PropertySourcedRequestMappingHandlerMapping |Mapped URL path [/v2/api-docs] onto method [springfox.documentation.swagger2.web.Swagger2Controller#getDocumentation(String, HttpServletRequest)]
2023-02-11 09:59:32 |INFO  |main |ExecutorConfigurationSupport.java:171 |org.springframework.scheduling.concurrent.ThreadPoolTaskExecutor |Initializing ExecutorService 'applicationTaskExecutor'
2023-02-11 09:59:32 |INFO  |main |DocumentationPluginsBootstrapper.java:147 |springfox.documentation.spring.web.plugins.DocumentationPluginsBootstrapper |Context refreshed
2023-02-11 09:59:32 |INFO  |main |DocumentationPluginsBootstrapper.java:150 |springfox.documentation.spring.web.plugins.DocumentationPluginsBootstrapper |Found 2 custom documentation plugin(s)
2023-02-11 09:59:32 |INFO  |main |ApiListingReferenceScanner.java:41 |springfox.documentation.spring.web.scanners.ApiListingReferenceScanner |Scanning for api listing references
2023-02-11 09:59:32 |INFO  |main |ApiListingReferenceScanner.java:41 |springfox.documentation.spring.web.scanners.ApiListingReferenceScanner |Scanning for api listing references
2023-02-11 09:59:32 |INFO  |main |DirectJDKLog.java:173 |org.apache.coyote.http11.Http11NioProtocol |Starting ProtocolHandler ["http-nio-8110"]
2023-02-11 09:59:32 |INFO  |main |TomcatWebServer.java:204 |org.springframework.boot.web.embedded.tomcat.TomcatWebServer |Tomcat started on port(s): 8110 (http) with context path ''
2023-02-11 09:59:32 |INFO  |main |StartupInfoLogger.java:61 |com.IT.service.edu.ServiceEduApplication |Started ServiceEduApplication in 2.795 seconds (JVM running for 3.47)
2023-02-11 10:16:57 |INFO  |SpringContextShutdownHook |ExecutorConfigurationSupport.java:208 |org.springframework.scheduling.concurrent.ThreadPoolTaskExecutor |Shutting down ExecutorService 'applicationTaskExecutor'
2023-02-11 10:17:01 |INFO  |main |StartupInfoLogger.java:55 |com.IT.service.edu.ServiceEduApplication |Starting ServiceEduApplication on DESKTOP-V9H76SP with PID 12756 (D:\Y.GuangHui\project\guli_parent\service\service-edu\target\classes started by lgh19 in D:\Y.GuangHui\project\guli_parent)
2023-02-11 10:17:01 |INFO  |main |SpringApplication.java:655 |com.IT.service.edu.ServiceEduApplication |The following profiles are active: dev
2023-02-11 10:17:02 |INFO  |main |PostProcessorRegistrationDelegate.java:330 |org.springframework.context.support.PostProcessorRegistrationDelegate$BeanPostProcessorChecker |Bean 'org.springframework.transaction.annotation.ProxyTransactionManagementConfiguration' of type [org.springframework.transaction.annotation.ProxyTransactionManagementConfiguration] is not eligible for getting processed by all BeanPostProcessors (for example: not eligible for auto-proxying)
2023-02-11 10:17:02 |INFO  |main |TomcatWebServer.java:92 |org.springframework.boot.web.embedded.tomcat.TomcatWebServer |Tomcat initialized with port(s): 8110 (http)
2023-02-11 10:17:02 |INFO  |main |DirectJDKLog.java:173 |org.apache.coyote.http11.Http11NioProtocol |Initializing ProtocolHandler ["http-nio-8110"]
2023-02-11 10:17:02 |INFO  |main |DirectJDKLog.java:173 |org.apache.catalina.core.StandardService |Starting service [Tomcat]
2023-02-11 10:17:02 |INFO  |main |DirectJDKLog.java:173 |org.apache.catalina.core.StandardEngine |Starting Servlet engine: [Apache Tomcat/9.0.29]
2023-02-11 10:17:02 |INFO  |main |DirectJDKLog.java:173 |org.apache.catalina.core.AprLifecycleListener |Loaded APR based Apache Tomcat Native library [1.2.35] using APR version [1.7.0].
2023-02-11 10:17:02 |INFO  |main |DirectJDKLog.java:173 |org.apache.catalina.core.AprLifecycleListener |APR capabilities: IPv6 [true], sendfile [true], accept filters [false], random [true].
2023-02-11 10:17:02 |INFO  |main |DirectJDKLog.java:173 |org.apache.catalina.core.AprLifecycleListener |APR/OpenSSL configuration: useAprConnector [false], useOpenSSL [true]
2023-02-11 10:17:02 |INFO  |main |DirectJDKLog.java:173 |org.apache.catalina.core.AprLifecycleListener |OpenSSL successfully initialized [OpenSSL 1.1.1q  5 Jul 2022]
2023-02-11 10:17:02 |INFO  |main |DirectJDKLog.java:173 |org.apache.catalina.core.ContainerBase.[Tomcat].[localhost].[/] |Initializing Spring embedded WebApplicationContext
2023-02-11 10:17:02 |INFO  |main |ServletWebServerApplicationContext.java:284 |org.springframework.web.context.ContextLoader |Root WebApplicationContext: initialization completed in 930 ms
2023-02-11 10:17:03 |INFO  |main |PropertySourcedRequestMappingHandlerMapping.java:69 |springfox.documentation.spring.web.PropertySourcedRequestMappingHandlerMapping |Mapped URL path [/v2/api-docs] onto method [springfox.documentation.swagger2.web.Swagger2Controller#getDocumentation(String, HttpServletRequest)]
2023-02-11 10:17:03 |INFO  |main |ExecutorConfigurationSupport.java:171 |org.springframework.scheduling.concurrent.ThreadPoolTaskExecutor |Initializing ExecutorService 'applicationTaskExecutor'
2023-02-11 10:17:03 |INFO  |main |DocumentationPluginsBootstrapper.java:147 |springfox.documentation.spring.web.plugins.DocumentationPluginsBootstrapper |Context refreshed
2023-02-11 10:17:03 |INFO  |main |DocumentationPluginsBootstrapper.java:150 |springfox.documentation.spring.web.plugins.DocumentationPluginsBootstrapper |Found 2 custom documentation plugin(s)
2023-02-11 10:17:03 |INFO  |main |ApiListingReferenceScanner.java:41 |springfox.documentation.spring.web.scanners.ApiListingReferenceScanner |Scanning for api listing references
2023-02-11 10:17:04 |INFO  |main |ApiListingReferenceScanner.java:41 |springfox.documentation.spring.web.scanners.ApiListingReferenceScanner |Scanning for api listing references
2023-02-11 10:17:04 |INFO  |main |DirectJDKLog.java:173 |org.apache.coyote.http11.Http11NioProtocol |Starting ProtocolHandler ["http-nio-8110"]
2023-02-11 10:17:04 |INFO  |main |TomcatWebServer.java:204 |org.springframework.boot.web.embedded.tomcat.TomcatWebServer |Tomcat started on port(s): 8110 (http) with context path ''
2023-02-11 10:17:04 |INFO  |main |StartupInfoLogger.java:61 |com.IT.service.edu.ServiceEduApplication |Started ServiceEduApplication in 2.564 seconds (JVM running for 3.129)
2023-02-11 10:28:08 |INFO  |http-nio-8110-exec-1 |DirectJDKLog.java:173 |org.apache.catalina.core.ContainerBase.[Tomcat].[localhost].[/] |Initializing Spring DispatcherServlet 'dispatcherServlet'
2023-02-11 10:28:08 |INFO  |http-nio-8110-exec-1 |FrameworkServlet.java:525 |org.springframework.web.servlet.DispatcherServlet |Initializing Servlet 'dispatcherServlet'
2023-02-11 10:28:08 |INFO  |http-nio-8110-exec-1 |FrameworkServlet.java:547 |org.springframework.web.servlet.DispatcherServlet |Completed initialization in 3 ms
2023-02-11 10:28:08 |INFO  |http-nio-8110-exec-2 |HikariDataSource.java:110 |com.zaxxer.hikari.HikariDataSource |HikariPool-1 - Starting...
2023-02-11 10:28:08 |INFO  |http-nio-8110-exec-2 |HikariDataSource.java:123 |com.zaxxer.hikari.HikariDataSource |HikariPool-1 - Start completed.
2023-02-11 11:51:17 |INFO  |SpringContextShutdownHook |ExecutorConfigurationSupport.java:208 |org.springframework.scheduling.concurrent.ThreadPoolTaskExecutor |Shutting down ExecutorService 'applicationTaskExecutor'
2023-02-11 11:51:17 |INFO  |SpringContextShutdownHook |HikariDataSource.java:350 |com.zaxxer.hikari.HikariDataSource |HikariPool-1 - Shutdown initiated...
2023-02-11 11:51:17 |INFO  |SpringContextShutdownHook |HikariDataSource.java:352 |com.zaxxer.hikari.HikariDataSource |HikariPool-1 - Shutdown completed.
2023-02-11 11:51:21 |INFO  |main |StartupInfoLogger.java:55 |com.IT.service.edu.ServiceEduApplication |Starting ServiceEduApplication on DESKTOP-V9H76SP with PID 11012 (D:\Y.GuangHui\project\guli_parent\service\service-edu\target\classes started by lgh19 in D:\Y.GuangHui\project\guli_parent)
2023-02-11 11:51:21 |INFO  |main |SpringApplication.java:655 |com.IT.service.edu.ServiceEduApplication |The following profiles are active: dev
2023-02-11 11:51:22 |INFO  |main |PostProcessorRegistrationDelegate.java:330 |org.springframework.context.support.PostProcessorRegistrationDelegate$BeanPostProcessorChecker |Bean 'org.springframework.transaction.annotation.ProxyTransactionManagementConfiguration' of type [org.springframework.transaction.annotation.ProxyTransactionManagementConfiguration] is not eligible for getting processed by all BeanPostProcessors (for example: not eligible for auto-proxying)
2023-02-11 11:51:22 |INFO  |main |TomcatWebServer.java:92 |org.springframework.boot.web.embedded.tomcat.TomcatWebServer |Tomcat initialized with port(s): 8110 (http)
2023-02-11 11:51:22 |INFO  |main |DirectJDKLog.java:173 |org.apache.coyote.http11.Http11NioProtocol |Initializing ProtocolHandler ["http-nio-8110"]
2023-02-11 11:51:22 |INFO  |main |DirectJDKLog.java:173 |org.apache.catalina.core.StandardService |Starting service [Tomcat]
2023-02-11 11:51:22 |INFO  |main |DirectJDKLog.java:173 |org.apache.catalina.core.StandardEngine |Starting Servlet engine: [Apache Tomcat/9.0.29]
2023-02-11 11:51:22 |INFO  |main |DirectJDKLog.java:173 |org.apache.catalina.core.AprLifecycleListener |Loaded APR based Apache Tomcat Native library [1.2.35] using APR version [1.7.0].
2023-02-11 11:51:22 |INFO  |main |DirectJDKLog.java:173 |org.apache.catalina.core.AprLifecycleListener |APR capabilities: IPv6 [true], sendfile [true], accept filters [false], random [true].
2023-02-11 11:51:22 |INFO  |main |DirectJDKLog.java:173 |org.apache.catalina.core.AprLifecycleListener |APR/OpenSSL configuration: useAprConnector [false], useOpenSSL [true]
2023-02-11 11:51:22 |INFO  |main |DirectJDKLog.java:173 |org.apache.catalina.core.AprLifecycleListener |OpenSSL successfully initialized [OpenSSL 1.1.1q  5 Jul 2022]
2023-02-11 11:51:22 |INFO  |main |DirectJDKLog.java:173 |org.apache.catalina.core.ContainerBase.[Tomcat].[localhost].[/] |Initializing Spring embedded WebApplicationContext
2023-02-11 11:51:22 |INFO  |main |ServletWebServerApplicationContext.java:284 |org.springframework.web.context.ContextLoader |Root WebApplicationContext: initialization completed in 1090 ms
2023-02-11 11:51:23 |INFO  |main |PropertySourcedRequestMappingHandlerMapping.java:69 |springfox.documentation.spring.web.PropertySourcedRequestMappingHandlerMapping |Mapped URL path [/v2/api-docs] onto method [springfox.documentation.swagger2.web.Swagger2Controller#getDocumentation(String, HttpServletRequest)]
2023-02-11 11:51:23 |INFO  |main |ExecutorConfigurationSupport.java:171 |org.springframework.scheduling.concurrent.ThreadPoolTaskExecutor |Initializing ExecutorService 'applicationTaskExecutor'
2023-02-11 11:51:23 |INFO  |main |DocumentationPluginsBootstrapper.java:147 |springfox.documentation.spring.web.plugins.DocumentationPluginsBootstrapper |Context refreshed
2023-02-11 11:51:23 |INFO  |main |DocumentationPluginsBootstrapper.java:150 |springfox.documentation.spring.web.plugins.DocumentationPluginsBootstrapper |Found 2 custom documentation plugin(s)
2023-02-11 11:51:23 |INFO  |main |ApiListingReferenceScanner.java:41 |springfox.documentation.spring.web.scanners.ApiListingReferenceScanner |Scanning for api listing references
2023-02-11 11:51:23 |INFO  |main |ApiListingReferenceScanner.java:41 |springfox.documentation.spring.web.scanners.ApiListingReferenceScanner |Scanning for api listing references
2023-02-11 11:51:23 |INFO  |main |DirectJDKLog.java:173 |org.apache.coyote.http11.Http11NioProtocol |Starting ProtocolHandler ["http-nio-8110"]
2023-02-11 11:51:23 |INFO  |main |TomcatWebServer.java:204 |org.springframework.boot.web.embedded.tomcat.TomcatWebServer |Tomcat started on port(s): 8110 (http) with context path ''
2023-02-11 11:51:23 |INFO  |main |StartupInfoLogger.java:61 |com.IT.service.edu.ServiceEduApplication |Started ServiceEduApplication in 2.689 seconds (JVM running for 3.211)
2023-02-11 11:51:32 |INFO  |http-nio-8110-exec-1 |DirectJDKLog.java:173 |org.apache.catalina.core.ContainerBase.[Tomcat].[localhost].[/] |Initializing Spring DispatcherServlet 'dispatcherServlet'
2023-02-11 11:51:32 |INFO  |http-nio-8110-exec-1 |FrameworkServlet.java:525 |org.springframework.web.servlet.DispatcherServlet |Initializing Servlet 'dispatcherServlet'
2023-02-11 11:51:32 |INFO  |http-nio-8110-exec-1 |FrameworkServlet.java:547 |org.springframework.web.servlet.DispatcherServlet |Completed initialization in 3 ms
2023-02-11 11:52:21 |INFO  |http-nio-8110-exec-7 |HikariDataSource.java:110 |com.zaxxer.hikari.HikariDataSource |HikariPool-1 - Starting...
2023-02-11 11:52:21 |INFO  |http-nio-8110-exec-7 |HikariDataSource.java:123 |com.zaxxer.hikari.HikariDataSource |HikariPool-1 - Start completed.
